<?xml version="1.0" encoding="UTF-8"?>
<!-- Generated by org.testng.reporters.JUnitReportReporter -->
<testsuite hostname="LAPTOP-8SMAHPPN" failures="0" tests="1" name="tests.TwoTest" time="16.308" errors="0" timestamp="2023-07-31T01:42:29 IST" skipped="0">
  <testcase classname="tests.TwoTest" name="testTwo" time="16.308"/>
  <system-out/>
</testsuite> <!-- tests.TwoTest -->
