<?xml version="1.0" encoding="UTF-8"?>
<!-- Generated by org.testng.reporters.JUnitReportReporter -->
<testsuite hostname="LAPTOP-8SMAHPPN" failures="0" tests="1" name="runner.Runner" time="11.901" errors="0" timestamp="2023-07-31T12:26:13 IST" skipped="0">
  <testcase classname="runner.Runner" name="runScenario" time="11.901"/>
  <system-out/>
</testsuite> <!-- runner.Runner -->
