<?xml version="1.0" encoding="UTF-8"?>
<!-- Generated by org.testng.reporters.JUnitReportReporter -->
<testsuite hostname="LAPTOP-8SMAHPPN" failures="0" tests="1" name="tests.FourTest" time="0.005" errors="0" timestamp="2023-07-29T02:29:01 IST" skipped="0">
  <testcase classname="tests.FourTest" name="testFour" time="0.005"/>
  <system-out/>
</testsuite> <!-- tests.FourTest -->
