<?xml version="1.0" encoding="UTF-8"?>
<!-- Generated by org.testng.reporters.JUnitReportReporter -->
<testsuite hostname="LAPTOP-8SMAHPPN" failures="0" tests="1" name="tests.TwoTest" time="0.000" errors="0" timestamp="2023-07-29T02:29:01 IST" skipped="0">
  <testcase classname="tests.TwoTest" name="testTwo" time="0.000"/>
  <system-out/>
</testsuite> <!-- tests.TwoTest -->
