<?xml version="1.0" encoding="UTF-8"?>
<!-- Generated by org.testng.reporters.JUnitReportReporter -->
<testsuite hostname="LAPTOP-8SMAHPPN" failures="0" tests="2" name="tests.LoginTest" time="27.395" errors="0" timestamp="2023-07-29T02:29:01 IST" skipped="0">
  <testcase classname="tests.LoginTest" name="login" time="8.209"/>
  <system-out/>
  <testcase classname="tests.LoginTest" name="login" time="19.186"/>
  <system-out/>
</testsuite> <!-- tests.LoginTest -->
